<?xml version="1.0" encoding="UTF-8"?>
<testsuite xmlns:xsi="http://www.w3.org/2001/XMLSchema-instance" xsi:noNamespaceSchemaLocation="https://maven.apache.org/surefire/maven-surefire-plugin/xsd/surefire-test-report-3.0.xsd" version="3.0" name="aed.HeapTests" time="2.213" tests="18" errors="0" skipped="0" failures="0">
  <properties>
    <property name="java.specification.version" value="21"/>
    <property name="sun.jnu.encoding" value="UTF-8"/>
    <property name="java.class.path" value="/mnt/c/Users/myurz/Downloads/TP2AED2-3/TP2AED2-3/target/test-classes:/mnt/c/Users/myurz/Downloads/TP2AED2-3/TP2AED2-3/target/classes:/home/marcos/.m2/repository/org/junit/jupiter/junit-jupiter-engine/5.9.2/junit-jupiter-engine-5.9.2.jar:/home/marcos/.m2/repository/org/junit/platform/junit-platform-engine/1.9.2/junit-platform-engine-1.9.2.jar:/home/marcos/.m2/repository/org/opentest4j/opentest4j/1.2.0/opentest4j-1.2.0.jar:/home/marcos/.m2/repository/org/junit/platform/junit-platform-commons/1.9.2/junit-platform-commons-1.9.2.jar:/home/marcos/.m2/repository/org/junit/jupiter/junit-jupiter-api/5.9.2/junit-jupiter-api-5.9.2.jar:/home/marcos/.m2/repository/org/apiguardian/apiguardian-api/1.1.2/apiguardian-api-1.1.2.jar:"/>
    <property name="java.vm.vendor" value="Ubuntu"/>
    <property name="sun.arch.data.model" value="64"/>
    <property name="java.vendor.url" value="https://ubuntu.com/"/>
    <property name="os.name" value="Linux"/>
    <property name="java.vm.specification.version" value="21"/>
    <property name="sun.java.launcher" value="SUN_STANDARD"/>
    <property name="sun.boot.library.path" value="/usr/lib/jvm/java-21-openjdk-amd64/lib"/>
    <property name="sun.java.command" value="/mnt/c/Users/myurz/Downloads/TP2AED2-3/TP2AED2-3/target/surefire/surefirebooter-20250614182600233_3.jar /mnt/c/Users/myurz/Downloads/TP2AED2-3/TP2AED2-3/target/surefire 2025-06-14T18-26-00_110-jvmRun1 surefire-20250614182600233_1tmp surefire_0-20250614182600233_2tmp"/>
    <property name="jdk.debug" value="release"/>
    <property name="surefire.test.class.path" value="/mnt/c/Users/myurz/Downloads/TP2AED2-3/TP2AED2-3/target/test-classes:/mnt/c/Users/myurz/Downloads/TP2AED2-3/TP2AED2-3/target/classes:/home/marcos/.m2/repository/org/junit/jupiter/junit-jupiter-engine/5.9.2/junit-jupiter-engine-5.9.2.jar:/home/marcos/.m2/repository/org/junit/platform/junit-platform-engine/1.9.2/junit-platform-engine-1.9.2.jar:/home/marcos/.m2/repository/org/opentest4j/opentest4j/1.2.0/opentest4j-1.2.0.jar:/home/marcos/.m2/repository/org/junit/platform/junit-platform-commons/1.9.2/junit-platform-commons-1.9.2.jar:/home/marcos/.m2/repository/org/junit/jupiter/junit-jupiter-api/5.9.2/junit-jupiter-api-5.9.2.jar:/home/marcos/.m2/repository/org/apiguardian/apiguardian-api/1.1.2/apiguardian-api-1.1.2.jar:"/>
    <property name="sun.cpu.endian" value="little"/>
    <property name="user.home" value="/home/marcos"/>
    <property name="user.language" value="en"/>
    <property name="java.specification.vendor" value="Oracle Corporation"/>
    <property name="java.version.date" value="2025-01-21"/>
    <property name="java.home" value="/usr/lib/jvm/java-21-openjdk-amd64"/>
    <property name="file.separator" value="/"/>
    <property name="basedir" value="/mnt/c/Users/myurz/Downloads/TP2AED2-3/TP2AED2-3"/>
    <property name="java.vm.compressedOopsMode" value="32-bit"/>
    <property name="line.separator" value="&#10;"/>
    <property name="java.specification.name" value="Java Platform API Specification"/>
    <property name="java.vm.specification.vendor" value="Oracle Corporation"/>
    <property name="surefire.real.class.path" value="/mnt/c/Users/myurz/Downloads/TP2AED2-3/TP2AED2-3/target/surefire/surefirebooter-20250614182600233_3.jar"/>
    <property name="sun.management.compiler" value="HotSpot 64-Bit Tiered Compilers"/>
    <property name="java.runtime.version" value="21.0.6+7-Ubuntu-124.04.1"/>
    <property name="user.name" value="marcos"/>
    <property name="stdout.encoding" value="UTF-8"/>
    <property name="path.separator" value=":"/>
    <property name="os.version" value="5.15.167.4-microsoft-standard-WSL2"/>
    <property name="java.runtime.name" value="OpenJDK Runtime Environment"/>
    <property name="file.encoding" value="UTF-8"/>
    <property name="java.vm.name" value="OpenJDK 64-Bit Server VM"/>
    <property name="localRepository" value="/home/marcos/.m2/repository"/>
    <property name="java.vendor.url.bug" value="https://bugs.launchpad.net/ubuntu/+source/openjdk-21"/>
    <property name="java.io.tmpdir" value="/tmp"/>
    <property name="java.version" value="21.0.6"/>
    <property name="user.dir" value="/mnt/c/Users/myurz/Downloads/TP2AED2-3/TP2AED2-3"/>
    <property name="os.arch" value="amd64"/>
    <property name="java.vm.specification.name" value="Java Virtual Machine Specification"/>
    <property name="native.encoding" value="UTF-8"/>
    <property name="java.library.path" value="/usr/java/packages/lib:/usr/lib/x86_64-linux-gnu/jni:/lib/x86_64-linux-gnu:/usr/lib/x86_64-linux-gnu:/usr/lib/jni:/lib:/usr/lib"/>
    <property name="java.vm.info" value="mixed mode, sharing"/>
    <property name="stderr.encoding" value="UTF-8"/>
    <property name="java.vendor" value="Ubuntu"/>
    <property name="java.vm.version" value="21.0.6+7-Ubuntu-124.04.1"/>
    <property name="sun.io.unicode.encoding" value="UnicodeLittle"/>
    <property name="java.class.version" value="65.0"/>
  </properties>
  <testcase name="testHeapGrande" classname="aed.HeapTests" time="0.035"/>
  <testcase name="testBufferVacio" classname="aed.HeapTests" time="0"/>
  <testcase name="testConstructorArrayListEsON" classname="aed.HeapTests" time="0.078">
    <system-out><![CDATA[Constructor con 1000 elementos -> 395463ns
Constructor con 10000 elementos -> 3147692ns
Constructor con 100000 elementos -> 11059963ns
Constructor con 1000000 elementos -> 36144480ns
]]></system-out>
  </testcase>
  <testcase name="testGetMaximoEsO1" classname="aed.HeapTests" time="0.338">
    <system-out><![CDATA[getMaximo() con 1000 elementos -> 2825ns
getMaximo() con 10000 elementos -> 1072ns
getMaximo() con 100000 elementos -> 12158ns
getMaximo() con 1000000 elementos -> 9830ns
]]></system-out>
  </testcase>
  <testcase name="testConstructorVacio" classname="aed.HeapTests" time="0"/>
  <testcase name="testConstructorConArrayList" classname="aed.HeapTests" time="0"/>
  <testcase name="testTransaccionesEnHeap" classname="aed.HeapTests" time="0.001"/>
  <testcase name="testElementosNegativos" classname="aed.HeapTests" time="0"/>
  <testcase name="testSacarMaximoHeapVacio" classname="aed.HeapTests" time="0.008"/>
  <testcase name="testGetLongitudEsO1" classname="aed.HeapTests" time="0.322">
    <system-out><![CDATA[getLongitud() con 1000 elementos -> 554ns
getLongitud() con 10000 elementos -> 562ns
getLongitud() con 100000 elementos -> 14126ns
getLongitud() con 1000000 elementos -> 8358ns
]]></system-out>
  </testcase>
  <testcase name="testSacarMaximoEsOLogN" classname="aed.HeapTests" time="0.312">
    <system-out><![CDATA[sacarMaximo() con 1000 elementos -> 10249ns
sacarMaximo() con 10000 elementos -> 2046ns
sacarMaximo() con 100000 elementos -> 26388ns
sacarMaximo() con 1000000 elementos -> 16402ns
]]></system-out>
  </testcase>
  <testcase name="testInsertarExtraerAleatorio" classname="aed.HeapTests" time="0"/>
  <testcase name="testAgregarElementoEsOLogN" classname="aed.HeapTests" time="0.331">
    <system-out><![CDATA[agregarAlHeap() con 1000 elementos -> 270ns
agregarAlHeap() con 10000 elementos -> 267ns
agregarAlHeap() con 100000 elementos -> 20140ns
agregarAlHeap() con 1000000 elementos -> 4396ns
]]></system-out>
  </testcase>
  <testcase name="testHeapMantienePropiedadDeOrden" classname="aed.HeapTests" time="0.001"/>
  <testcase name="testActualizarPosicionUsuario" classname="aed.HeapTests" time="0.001"/>
  <testcase name="testElementosIgualPrioridad" classname="aed.HeapTests" time="0"/>
  <testcase name="testHeapUnElemento" classname="aed.HeapTests" time="0"/>
  <testcase name="testActualizarPosicionUsuarioEsOLogP" classname="aed.HeapTests" time="0.768">
    <system-out><![CDATA[actualizarPosicionUsuario() con 1000 elementos -> 1022ns
actualizarPosicionUsuario() con 10000 elementos -> 871ns
actualizarPosicionUsuario() con 100000 elementos -> 2106ns
actualizarPosicionUsuario() con 1000000 elementos -> 48866ns
]]></system-out>
  </testcase>
</testsuite>